ClipboardSync.Android/app/build/intermediates/manifest_merge_blame_file/debug/processDebugMainManifest/manifest-merger-blame-debug-report.txt
1<?xml version="1.0" encoding="utf-8"?>
2<manifest xmlns:android="http://schemas.android.com/apk/res/android"
3    package="com.clipboardsync"
4    android:versionCode="1"
5    android:versionName="1.0.0" >
6
7    <uses-sdk
8        android:minSdkVersion="26"
9        android:targetSdkVersion="34" />
10
11    <uses-permission android:name="android.permission.INTERNET" />
11-->src\main\AndroidManifest.xml:4:5-67
11-->src\main\AndroidManifest.xml:4:22-64
12    <uses-permission android:name="android.permission.ACCESS_NETWORK_STATE" />
12-->src\main\AndroidManifest.xml:5:5-79
12-->src\main\AndroidManifest.xml:5:22-76
13    <uses-permission android:name="android.permission.ACCESS_WIFI_STATE" />
13-->src\main\AndroidManifest.xml:6:5-76
13-->src\main\AndroidManifest.xml:6:22-73
14    <uses-permission android:name="android.permission.CHANGE_WIFI_MULTICAST_STATE" />
14-->src\main\AndroidManifest.xml:7:5-86
14-->src\main\AndroidManifest.xml:7:22-83
15
16    <permission
16-->[androidx.core:core:1.12.0] AndroidManifest.xml:22:5-24:47
17        android:name="com.clipboardsync.DYNAMIC_RECEIVER_NOT_EXPORTED_PERMISSION"
17-->[androidx.core:core:1.12.0] AndroidManifest.xml:23:9-81
18        android:protectionLevel="signature" />
18-->[androidx.core:core:1.12.0] AndroidManifest.xml:24:9-44
19
20    <uses-permission android:name="com.clipboardsync.DYNAMIC_RECEIVER_NOT_EXPORTED_PERMISSION" />
20-->[androidx.core:core:1.12.0] AndroidManifest.xml:26:5-97
20-->[androidx.core:core:1.12.0] AndroidManifest.xml:26:22-94
21
22    <application
22-->src\main\AndroidManifest.xml:9:5-36:19
23        android:allowBackup="true"
23-->src\main\AndroidManifest.xml:10:9-35
24        android:appComponentFactory="androidx.core.app.CoreComponentFactory"
24-->[androidx.core:core:1.12.0] AndroidManifest.xml:28:18-86
25        android:debuggable="true"
26        android:extractNativeLibs="false"
27        android:icon="@mipmap/ic_launcher"
27-->src\main\AndroidManifest.xml:11:9-43
28        android:label="剪贴板同步"
28-->src\main\AndroidManifest.xml:12:9-30
29        android:roundIcon="@mipmap/ic_launcher_round"
29-->src\main\AndroidManifest.xml:13:9-54
30        android:supportsRtl="true"
30-->src\main\AndroidManifest.xml:14:9-35
31        android:theme="@style/Theme.AppCompat.Light.NoActionBar" >
31-->src\main\AndroidManifest.xml:15:9-65
32        <activity
32-->src\main\AndroidManifest.xml:17:9-25:20
33            android:name="com.clipboardsync.MainActivity"
33-->src\main\AndroidManifest.xml:18:13-41
34            android:exported="true"
34-->src\main\AndroidManifest.xml:19:13-36
35            android:theme="@style/Theme.AppCompat.Light.NoActionBar" >
35-->src\main\AndroidManifest.xml:20:13-69
36            <intent-filter>
36-->src\main\AndroidManifest.xml:21:13-24:29
37                <action android:name="android.intent.action.MAIN" />
37-->src\main\AndroidManifest.xml:22:17-69
37-->src\main\AndroidManifest.xml:22:25-66
38
39                <category android:name="android.intent.category.LAUNCHER" />
39-->src\main\AndroidManifest.xml:23:17-77
39-->src\main\AndroidManifest.xml:23:27-74
40            </intent-filter>
41        </activity>
42
43        <provider
44            android:name="androidx.core.content.FileProvider"
44-->src\main\AndroidManifest.xml:28:13-62
45            android:authorities="com.clipboardsync.fileprovider"
45-->src\main\AndroidManifest.xml:29:13-64
46            android:exported="false"
46-->src\main\AndroidManifest.xml:30:13-37
47            android:grantUriPermissions="true" >
47-->src\main\AndroidManifest.xml:31:13-47
48            <meta-data
48-->src\main\AndroidManifest.xml:32:13-34:54
49                android:name="android.support.FILE_PROVIDER_PATHS"
49-->src\main\AndroidManifest.xml:33:17-67
50                android:resource="@xml/file_paths" />
50-->src\main\AndroidManifest.xml:34:17-51
51        </provider>
52        <provider
52-->[androidx.emoji2:emoji2:1.3.0] AndroidManifest.xml:24:9-32:20
53            android:name="androidx.startup.InitializationProvider"
53-->[androidx.emoji2:emoji2:1.3.0] AndroidManifest.xml:25:13-67
54            android:authorities="com.clipboardsync.androidx-startup"
54-->[androidx.emoji2:emoji2:1.3.0] AndroidManifest.xml:26:13-68
55            android:exported="false" >
55-->[androidx.emoji2:emoji2:1.3.0] AndroidManifest.xml:27:13-37
56            <meta-data
56-->[androidx.emoji2:emoji2:1.3.0] AndroidManifest.xml:29:13-31:52
57                android:name="androidx.emoji2.text.EmojiCompatInitializer"
57-->[androidx.emoji2:emoji2:1.3.0] AndroidManifest.xml:30:17-75
58                android:value="androidx.startup" />
58-->[androidx.emoji2:emoji2:1.3.0] AndroidManifest.xml:31:17-49
59            <meta-data
59-->[androidx.lifecycle:lifecycle-process:2.7.0] AndroidManifest.xml:29:13-31:52
60                android:name="androidx.lifecycle.ProcessLifecycleInitializer"
60-->[androidx.lifecycle:lifecycle-process:2.7.0] AndroidManifest.xml:30:17-78
61                android:value="androidx.startup" />
61-->[androidx.lifecycle:lifecycle-process:2.7.0] AndroidManifest.xml:31:17-49
62            <meta-data
62-->[androidx.profileinstaller:profileinstaller:1.3.0] AndroidManifest.xml:29:13-31:52
63                android:name="androidx.profileinstaller.ProfileInstallerInitializer"
63-->[androidx.profileinstaller:profileinstaller:1.3.0] AndroidManifest.xml:30:17-85
64                android:value="androidx.startup" />
64-->[androidx.profileinstaller:profileinstaller:1.3.0] AndroidManifest.xml:31:17-49
65        </provider>
66
67        <receiver
67-->[androidx.profileinstaller:profileinstaller:1.3.0] AndroidManifest.xml:34:9-52:20
68            android:name="androidx.profileinstaller.ProfileInstallReceiver"
68-->[androidx.profileinstaller:profileinstaller:1.3.0] AndroidManifest.xml:35:13-76
69            android:directBootAware="false"
69-->[androidx.profileinstaller:profileinstaller:1.3.0] AndroidManifest.xml:36:13-44
70            android:enabled="true"
70-->[androidx.profileinstaller:profileinstaller:1.3.0] AndroidManifest.xml:37:13-35
71            android:exported="true"
71-->[androidx.profileinstaller:profileinstaller:1.3.0] AndroidManifest.xml:38:13-36
72            android:permission="android.permission.DUMP" >
72-->[androidx.profileinstaller:profileinstaller:1.3.0] AndroidManifest.xml:39:13-57
73            <intent-filter>
73-->[androidx.profileinstaller:profileinstaller:1.3.0] AndroidManifest.xml:40:13-42:29
74                <action android:name="androidx.profileinstaller.action.INSTALL_PROFILE" />
74-->[androidx.profileinstaller:profileinstaller:1.3.0] AndroidManifest.xml:41:17-91
74-->[androidx.profileinstaller:profileinstaller:1.3.0] AndroidManifest.xml:41:25-88
75            </intent-filter>
76            <intent-filter>
76-->[androidx.profileinstaller:profileinstaller:1.3.0] AndroidManifest.xml:43:13-45:29
77                <action android:name="androidx.profileinstaller.action.SKIP_FILE" />
77-->[androidx.profileinstaller:profileinstaller:1.3.0] AndroidManifest.xml:44:17-85
77-->[androidx.profileinstaller:profileinstaller:1.3.0] AndroidManifest.xml:44:25-82
78            </intent-filter>
79            <intent-filter>
79-->[androidx.profileinstaller:profileinstaller:1.3.0] AndroidManifest.xml:46:13-48:29
80                <action android:name="androidx.profileinstaller.action.SAVE_PROFILE" />
80-->[androidx.profileinstaller:profileinstaller:1.3.0] AndroidManifest.xml:47:17-88
80-->[androidx.profileinstaller:profileinstaller:1.3.0] AndroidManifest.xml:47:25-85
81            </intent-filter>
82            <intent-filter>
82-->[androidx.profileinstaller:profileinstaller:1.3.0] AndroidManifest.xml:49:13-51:29
83                <action android:name="androidx.profileinstaller.action.BENCHMARK_OPERATION" />
83-->[androidx.profileinstaller:profileinstaller:1.3.0] AndroidManifest.xml:50:17-95
83-->[androidx.profileinstaller:profileinstaller:1.3.0] AndroidManifest.xml:50:25-92
84            </intent-filter>
85        </receiver>
86    </application>
87
88</manifest>